2025-04-21 18:40:14,427 - sqlalchemy.engine.Engine - INFO - select pg_catalog.version()
2025-04-21 18:40:14,427 - sqlalchemy.engine.Engine - INFO - [raw sql] {}
2025-04-21 18:40:14,428 - sqlalchemy.engine.Engine - INFO - select current_schema()
2025-04-21 18:40:14,428 - sqlalchemy.engine.Engine - INFO - [raw sql] {}
2025-04-21 18:40:14,428 - sqlalchemy.engine.Engine - INFO - show standard_conforming_strings
2025-04-21 18:40:14,428 - sqlalchemy.engine.Engine - INFO - [raw sql] {}
2025-04-21 18:40:14,429 - sqlalchemy.engine.Engine - INFO - BEGIN (implicit)
2025-04-21 18:40:14,431 - sqlalchemy.engine.Engine - INFO - SELECT pg_catalog.pg_class.relname 
FROM pg_catalog.pg_class JOIN pg_catalog.pg_namespace ON pg_catalog.pg_namespace.oid = pg_catalog.pg_class.relnamespace 
WHERE pg_catalog.pg_class.relname = %(table_name)s AND pg_catalog.pg_class.relkind = ANY (ARRAY[%(param_1)s, %(param_2)s, %(param_3)s, %(param_4)s, %(param_5)s]) AND pg_catalog.pg_table_is_visible(pg_catalog.pg_class.oid) AND pg_catalog.pg_namespace.nspname != %(nspname_1)s
2025-04-21 18:40:14,431 - sqlalchemy.engine.Engine - INFO - [generated in 0.00012s] {'table_name': 'application', 'param_1': 'r', 'param_2': 'p', 'param_3': 'f', 'param_4': 'v', 'param_5': 'm', 'nspname_1': 'pg_catalog'}
2025-04-21 18:40:14,432 - sqlalchemy.engine.Engine - INFO - SELECT pg_catalog.pg_class.relname 
FROM pg_catalog.pg_class JOIN pg_catalog.pg_namespace ON pg_catalog.pg_namespace.oid = pg_catalog.pg_class.relnamespace 
WHERE pg_catalog.pg_class.relname = %(table_name)s AND pg_catalog.pg_class.relkind = ANY (ARRAY[%(param_1)s, %(param_2)s, %(param_3)s, %(param_4)s, %(param_5)s]) AND pg_catalog.pg_table_is_visible(pg_catalog.pg_class.oid) AND pg_catalog.pg_namespace.nspname != %(nspname_1)s
2025-04-21 18:40:14,432 - sqlalchemy.engine.Engine - INFO - [cached since 0.001214s ago] {'table_name': 'review', 'param_1': 'r', 'param_2': 'p', 'param_3': 'f', 'param_4': 'v', 'param_5': 'm', 'nspname_1': 'pg_catalog'}
2025-04-21 18:40:14,432 - sqlalchemy.engine.Engine - INFO - SELECT pg_catalog.pg_class.relname 
FROM pg_catalog.pg_class JOIN pg_catalog.pg_namespace ON pg_catalog.pg_namespace.oid = pg_catalog.pg_class.relnamespace 
WHERE pg_catalog.pg_class.relname = %(table_name)s AND pg_catalog.pg_class.relkind = ANY (ARRAY[%(param_1)s, %(param_2)s, %(param_3)s, %(param_4)s, %(param_5)s]) AND pg_catalog.pg_table_is_visible(pg_catalog.pg_class.oid) AND pg_catalog.pg_namespace.nspname != %(nspname_1)s
2025-04-21 18:40:14,433 - sqlalchemy.engine.Engine - INFO - [cached since 0.001691s ago] {'table_name': 'topic', 'param_1': 'r', 'param_2': 'p', 'param_3': 'f', 'param_4': 'v', 'param_5': 'm', 'nspname_1': 'pg_catalog'}
2025-04-21 18:40:14,433 - sqlalchemy.engine.Engine - INFO - COMMIT
2025-04-21 18:40:14,433 - logger - INFO - Database tables created successfully
2025-04-21 18:40:14,438 - werkzeug - INFO - [31m[1mWARNING: This is a development server. Do not use it in a production deployment. Use a production WSGI server instead.[0m
 * Running on http://127.0.0.1:5000
2025-04-21 18:40:14,439 - werkzeug - INFO - [33mPress CTRL+C to quit[0m
2025-04-21 18:40:45,575 - logger - ERROR - Error processing reviews for app com.whatsapp: type object 'App' has no attribute 'query'
2025-04-21 18:40:45,577 - werkzeug - INFO - 127.0.0.1 - - [21/Apr/2025 18:40:45] "POST /processing/startProcessing HTTP/1.1" 200 -
